<Event xmlns='http://schemas.microsoft.com/win/2004/08/events/event'><System><Provider Name='Service Control Manager' Guid='{555908d1-a6d7-4695-8e1e-26931d2012f4}' EventSourceName='Service Control Manager'/><EventID Qualifiers='16384'>7045</EventID><Version>0</Version><Level>4</Level><Task>0</Task><Opcode>0</Opcode><Keywords>0x8080000000000000</Keywords><TimeCreated SystemTime='2023-05-11T16:04:48.740131500Z'/><EventRecordID>148616</EventRecordID><Correlation/><Execution ProcessID='584' ThreadID='5988'/><Channel>System</Channel><Computer>mswin-server.attackrange.local</Computer><Security UserID='S-1-5-21-3439621488-2671704973-1532913862-500'/></System><EventData><Data Name='ServiceName'>WerFault Service</Data><Data Name='ImagePath'>C:\Windows\WinSxS\x86_microsoft-windows-errorreportingfaults_31bf3856ad364e35_4.0.9600.16384_none_a13f7e283339a050\WerFault.exe</Data><Data Name='ServiceType'>user mode service</Data><Data Name='StartType'>auto start</Data><Data Name='AccountName'>LocalSystem</Data></EventData></Event>
<Event xmlns='http://schemas.microsoft.com/win/2004/08/events/event'><System><Provider Name='Service Control Manager' Guid='{555908d1-a6d7-4695-8e1e-26931d2012f4}' EventSourceName='Service Control Manager'/><EventID Qualifiers='16384'>7045</EventID><Version>0</Version><Level>4</Level><Task>0</Task><Opcode>0</Opcode><Keywords>0x8080000000000000</Keywords><TimeCreated SystemTime='2023-05-11T16:04:30.579743900Z'/><EventRecordID>148615</EventRecordID><Correlation/><Execution ProcessID='584' ThreadID='5988'/><Channel>System</Channel><Computer>mswin-server.attackrange.local</Computer><Security UserID='S-1-5-21-3439621488-2671704973-1532913862-500'/></System><EventData><Data Name='ServiceName'>WerFault Service</Data><Data Name='ImagePath'>C:\Windows\WinSxS\x86_microsoft-windows-errorreportingfaults_31bf3856ad364e35_4.0.9600.16384_none_a13f7e283339a050\WerFault.exe</Data><Data Name='ServiceType'>user mode service</Data><Data Name='StartType'>auto start</Data><Data Name='AccountName'>LocalSystem</Data></EventData></Event>
<Event xmlns='http://schemas.microsoft.com/win/2004/08/events/event'><System><Provider Name='Service Control Manager' Guid='{555908d1-a6d7-4695-8e1e-26931d2012f4}' EventSourceName='Service Control Manager'/><EventID Qualifiers='16384'>7045</EventID><Version>0</Version><Level>4</Level><Task>0</Task><Opcode>0</Opcode><Keywords>0x8080000000000000</Keywords><TimeCreated SystemTime='2023-05-11T16:03:13.568270400Z'/><EventRecordID>148614</EventRecordID><Correlation/><Execution ProcessID='584' ThreadID='5988'/><Channel>System</Channel><Computer>mswin-server.attackrange.local</Computer><Security UserID='S-1-5-21-3439621488-2671704973-1532913862-500'/></System><EventData><Data Name='ServiceName'>WerFault Service</Data><Data Name='ImagePath'>C:\Windows\WinSxS\x86_microsoft-windows-errorreportingfaults_31bf3856ad364e35_4.0.9600.16384_none_a13f7e283339a050</Data><Data Name='ServiceType'>user mode service</Data><Data Name='StartType'>auto start</Data><Data Name='AccountName'>LocalSystem</Data></EventData></Event>
<Event xmlns='http://schemas.microsoft.com/win/2004/08/events/event'><System><Provider Name='Service Control Manager' Guid='{555908d1-a6d7-4695-8e1e-26931d2012f4}' EventSourceName='Service Control Manager'/><EventID Qualifiers='16384'>7045</EventID><Version>0</Version><Level>4</Level><Task>0</Task><Opcode>0</Opcode><Keywords>0x8080000000000000</Keywords><TimeCreated SystemTime='2023-05-11T16:00:08.852877200Z'/><EventRecordID>148613</EventRecordID><Correlation/><Execution ProcessID='584' ThreadID='5988'/><Channel>System</Channel><Computer>mswin-server.attackrange.local</Computer><Security UserID='S-1-5-21-3439621488-2671704973-1532913862-500'/></System><EventData><Data Name='ServiceName'>WerFault Service</Data><Data Name='ImagePath'>C:\Windows\WinSxS\x86_microsoft-windows-errorreportingfaults_31bf3856ad364e35_4.0.9600.16384_none_a13f7e283339a050\WerFault.exe</Data><Data Name='ServiceType'>user mode service</Data><Data Name='StartType'>auto start</Data><Data Name='AccountName'>LocalSystem</Data></EventData></Event>
<Event xmlns='http://schemas.microsoft.com/win/2004/08/events/event'><System><Provider Name='Service Control Manager' Guid='{555908d1-a6d7-4695-8e1e-26931d2012f4}' EventSourceName='Service Control Manager'/><EventID Qualifiers='16384'>7045</EventID><Version>0</Version><Level>4</Level><Task>0</Task><Opcode>0</Opcode><Keywords>0x8080000000000000</Keywords><TimeCreated SystemTime='2023-05-11T15:58:39.947069600Z'/><EventRecordID>148612</EventRecordID><Correlation/><Execution ProcessID='584' ThreadID='3628'/><Channel>System</Channel><Computer>mswin-server.attackrange.local</Computer><Security UserID='S-1-5-21-3439621488-2671704973-1532913862-500'/></System><EventData><Data Name='ServiceName'>WerFault Service</Data><Data Name='ImagePath'>C:\Windows\WinSxS\x86_microsoft-windows-errorreportingfaults_31bf3856ad364e35_4.0.9600.16384_none_a13f7e283339a050</Data><Data Name='ServiceType'>user mode service</Data><Data Name='StartType'>auto start</Data><Data Name='AccountName'>LocalSystem</Data></EventData></Event>
<Event xmlns='http://schemas.microsoft.com/win/2004/08/events/event'><System><Provider Name='Service Control Manager' Guid='{555908d1-a6d7-4695-8e1e-26931d2012f4}' EventSourceName='Service Control Manager'/><EventID Qualifiers='16384'>7045</EventID><Version>0</Version><Level>4</Level><Task>0</Task><Opcode>0</Opcode><Keywords>0x8080000000000000</Keywords><TimeCreated SystemTime='2023-05-11T15:53:45.556257700Z'/><EventRecordID>148611</EventRecordID><Correlation/><Execution ProcessID='584' ThreadID='7972'/><Channel>System</Channel><Computer>mswin-server.attackrange.local</Computer><Security UserID='S-1-5-21-3439621488-2671704973-1532913862-500'/></System><EventData><Data Name='ServiceName'>WerFault Service</Data><Data Name='ImagePath'>C:\Windows\WinSxS\x86_microsoft-windows-errorreportingfaults_31bf3856ad364e35_4.0.9600.16384_none_a13f7e283339a050</Data><Data Name='ServiceType'>user mode service</Data><Data Name='StartType'>auto start</Data><Data Name='AccountName'>LocalSystem</Data></EventData></Event>
<Event xmlns='http://schemas.microsoft.com/win/2004/08/events/event'><System><Provider Name='Service Control Manager' Guid='{555908d1-a6d7-4695-8e1e-26931d2012f4}' EventSourceName='Service Control Manager'/><EventID Qualifiers='16384'>7045</EventID><Version>0</Version><Level>4</Level><Task>0</Task><Opcode>0</Opcode><Keywords>0x8080000000000000</Keywords><TimeCreated SystemTime='2023-05-11T15:51:43.868750300Z'/><EventRecordID>148610</EventRecordID><Correlation/><Execution ProcessID='584' ThreadID='7972'/><Channel>System</Channel><Computer>mswin-server.attackrange.local</Computer><Security UserID='S-1-5-21-3439621488-2671704973-1532913862-500'/></System><EventData><Data Name='ServiceName'>WerFault Service</Data><Data Name='ImagePath'>C:\Windows\WinSxS\x86_microsoft-windows-errorreportingfaults_31bf3856ad364e35_4.0.9600.16384_none_a13f7e283339a050</Data><Data Name='ServiceType'>user mode service</Data><Data Name='StartType'>auto start</Data><Data Name='AccountName'>LocalSystem</Data></EventData></Event>
<Event xmlns='http://schemas.microsoft.com/win/2004/08/events/event'><System><Provider Name='Service Control Manager' Guid='{555908d1-a6d7-4695-8e1e-26931d2012f4}' EventSourceName='Service Control Manager'/><EventID Qualifiers='16384'>7045</EventID><Version>0</Version><Level>4</Level><Task>0</Task><Opcode>0</Opcode><Keywords>0x8080000000000000</Keywords><TimeCreated SystemTime='2023-05-11T15:48:23.141118400Z'/><EventRecordID>148608</EventRecordID><Correlation/><Execution ProcessID='584' ThreadID='3628'/><Channel>System</Channel><Computer>mswin-server.attackrange.local</Computer><Security UserID='S-1-5-21-3439621488-2671704973-1532913862-500'/></System><EventData><Data Name='ServiceName'>WerFault Service</Data><Data Name='ImagePath'>C:\Windows\WinSxS\x86_microsoft-windows-errorreportingfaults_31bf3856ad364e35_4.0.9600.16384_none_a13f7e283339a050</Data><Data Name='ServiceType'>user mode service</Data><Data Name='StartType'>auto start</Data><Data Name='AccountName'>LocalSystem</Data></EventData></Event>
<Event xmlns='http://schemas.microsoft.com/win/2004/08/events/event'><System><Provider Name='Service Control Manager' Guid='{555908d1-a6d7-4695-8e1e-26931d2012f4}' EventSourceName='Service Control Manager'/><EventID Qualifiers='16384'>7045</EventID><Version>0</Version><Level>4</Level><Task>0</Task><Opcode>0</Opcode><Keywords>0x8080000000000000</Keywords><TimeCreated SystemTime='2023-05-11T15:47:01.714027500Z'/><EventRecordID>148606</EventRecordID><Correlation/><Execution ProcessID='584' ThreadID='7972'/><Channel>System</Channel><Computer>mswin-server.attackrange.local</Computer><Security UserID='S-1-5-21-3439621488-2671704973-1532913862-500'/></System><EventData><Data Name='ServiceName'>WerFault Service</Data><Data Name='ImagePath'>C:\ProgramData\CustomWerFault\WerFault.exe</Data><Data Name='ServiceType'>user mode service</Data><Data Name='StartType'>auto start</Data><Data Name='AccountName'>LocalSystem</Data></EventData></Event>
<Event xmlns='http://schemas.microsoft.com/win/2004/08/events/event'><System><Provider Name='Service Control Manager' Guid='{555908d1-a6d7-4695-8e1e-26931d2012f4}' EventSourceName='Service Control Manager'/><EventID Qualifiers='16384'>7045</EventID><Version>0</Version><Level>4</Level><Task>0</Task><Opcode>0</Opcode><Keywords>0x8080000000000000</Keywords><TimeCreated SystemTime='2023-05-11T15:46:10.719026500Z'/><EventRecordID>148605</EventRecordID><Correlation/><Execution ProcessID='584' ThreadID='7972'/><Channel>System</Channel><Computer>mswin-server.attackrange.local</Computer><Security UserID='S-1-5-21-3439621488-2671704973-1532913862-500'/></System><EventData><Data Name='ServiceName'>WerFault Service</Data><Data Name='ImagePath'>C:\Windows\WinSxS\x86_microsoft-windows-errorreportingfaults_31bf3856ad364e35_4.0.9600.16384_none_a13f7e283339a050</Data><Data Name='ServiceType'>user mode service</Data><Data Name='StartType'>auto start</Data><Data Name='AccountName'>LocalSystem</Data></EventData></Event>
<Event xmlns='http://schemas.microsoft.com/win/2004/08/events/event'><System><Provider Name='Service Control Manager' Guid='{555908d1-a6d7-4695-8e1e-26931d2012f4}' EventSourceName='Service Control Manager'/><EventID Qualifiers='16384'>7045</EventID><Version>0</Version><Level>4</Level><Task>0</Task><Opcode>0</Opcode><Keywords>0x8080000000000000</Keywords><TimeCreated SystemTime='2023-05-11T15:42:25.174713000Z'/><EventRecordID>148604</EventRecordID><Correlation/><Execution ProcessID='584' ThreadID='3628'/><Channel>System</Channel><Computer>mswin-server.attackrange.local</Computer><Security UserID='S-1-5-21-3439621488-2671704973-1532913862-500'/></System><EventData><Data Name='ServiceName'>WerFault Service</Data><Data Name='ImagePath'>C:\Windows\WinSxS\x86_microsoft-windows-errorreportingfaults_31bf3856ad364e35_4.0.9600.16384_none_a13f7e283339a050</Data><Data Name='ServiceType'>user mode service</Data><Data Name='StartType'>auto start</Data><Data Name='AccountName'>LocalSystem</Data></EventData></Event>
<Event xmlns='http://schemas.microsoft.com/win/2004/08/events/event'><System><Provider Name='Service Control Manager' Guid='{555908d1-a6d7-4695-8e1e-26931d2012f4}' EventSourceName='Service Control Manager'/><EventID Qualifiers='16384'>7045</EventID><Version>0</Version><Level>4</Level><Task>0</Task><Opcode>0</Opcode><Keywords>0x8080000000000000</Keywords><TimeCreated SystemTime='2023-05-11T15:42:10.483653100Z'/><EventRecordID>148603</EventRecordID><Correlation/><Execution ProcessID='584' ThreadID='3628'/><Channel>System</Channel><Computer>mswin-server.attackrange.local</Computer><Security UserID='S-1-5-21-3439621488-2671704973-1532913862-500'/></System><EventData><Data Name='ServiceName'>WerFault Service</Data><Data Name='ImagePath'>C:\ProgramData\CustomWerFault\WerFault.exe</Data><Data Name='ServiceType'>user mode service</Data><Data Name='StartType'>auto start</Data><Data Name='AccountName'>LocalSystem</Data></EventData></Event>
<Event xmlns='http://schemas.microsoft.com/win/2004/08/events/event'><System><Provider Name='Service Control Manager' Guid='{555908d1-a6d7-4695-8e1e-26931d2012f4}' EventSourceName='Service Control Manager'/><EventID Qualifiers='16384'>7045</EventID><Version>0</Version><Level>4</Level><Task>0</Task><Opcode>0</Opcode><Keywords>0x8080000000000000</Keywords><TimeCreated SystemTime='2023-05-11T15:40:50.203924900Z'/><EventRecordID>148602</EventRecordID><Correlation/><Execution ProcessID='584' ThreadID='3628'/><Channel>System</Channel><Computer>mswin-server.attackrange.local</Computer><Security UserID='S-1-5-21-3439621488-2671704973-1532913862-500'/></System><EventData><Data Name='ServiceName'>WerFault Service</Data><Data Name='ImagePath'>C:\Windows\WinSxS\x86_microsoft-windows-errorreportingfaults_31bf3856ad364e35_4.0.9600.16384_none_a13f7e283339a050</Data><Data Name='ServiceType'>user mode service</Data><Data Name='StartType'>auto start</Data><Data Name='AccountName'>LocalSystem</Data></EventData></Event>
<Event xmlns='http://schemas.microsoft.com/win/2004/08/events/event'><System><Provider Name='Service Control Manager' Guid='{555908d1-a6d7-4695-8e1e-26931d2012f4}' EventSourceName='Service Control Manager'/><EventID Qualifiers='16384'>7045</EventID><Version>0</Version><Level>4</Level><Task>0</Task><Opcode>0</Opcode><Keywords>0x8080000000000000</Keywords><TimeCreated SystemTime='2023-05-11T15:15:54.146701800Z'/><EventRecordID>148599</EventRecordID><Correlation/><Execution ProcessID='584' ThreadID='3236'/><Channel>System</Channel><Computer>mswin-server.attackrange.local</Computer><Security UserID='S-1-5-21-3439621488-2671704973-1532913862-500'/></System><EventData><Data Name='ServiceName'>WerFault Service</Data><Data Name='ImagePath'>C:\ProgramData\CustomWerFault\WerFault.exe</Data><Data Name='ServiceType'>user mode service</Data><Data Name='StartType'>auto start</Data><Data Name='AccountName'>LocalSystem</Data></EventData></Event>
